<?xml version="1.0" encoding="UTF-8"?>
<!-- Generated by org.testng.reporters.JUnitReportReporter -->
<testsuite skipped="0" hostname="CTACNAC-O3E01HM" name="acn.test.FinalExam" tests="1" failures="0" timestamp="18 Nov 2016 07:32:00 GMT" time="141.031" errors="0">
  <testcase name="DemoQA" time="141.031" classname="acn.test.FinalExam"/>
</testsuite> <!-- acn.test.FinalExam -->
