<?xml version="1.0" encoding="UTF-8"?>
<!-- Generated by org.testng.reporters.JUnitReportReporter -->
<testsuite skipped="0" hostname="CTACNAC-O3E01HM" name="acn.test.MercuryToursDebuggingTest" tests="1" failures="0" timestamp="17 Nov 2016 09:00:25 GMT" time="29.358" errors="0">
  <testcase name="MercuryTours" time="29.358" classname="acn.test.MercuryToursDebuggingTest"/>
</testsuite> <!-- acn.test.MercuryToursDebuggingTest -->
