<?xml version="1.0" encoding="UTF-8"?>
<!-- Generated by org.testng.reporters.JUnitReportReporter -->
<testsuite skipped="0" hostname="CTACNAC-O3E01HM" name="acn.test.MercuryToursTest" tests="1" failures="0" timestamp="17 Nov 2016 06:12:09 GMT" time="25.390" errors="0">
  <testcase name="MercuryWelcome" time="25.390" classname="acn.test.MercuryToursTest"/>
</testsuite> <!-- acn.test.MercuryToursTest -->
