<?xml version="1.0" encoding="UTF-8"?>
<!-- Generated by org.testng.reporters.JUnitReportReporter -->
<testsuite skipped="0" hostname="CTACNAC-O3E01HM" name="acn.test.GoogleTest" tests="1" failures="0" timestamp="17 Nov 2016 04:53:49 GMT" time="25.619" errors="0">
  <testcase name="Googletest" time="25.619" classname="acn.test.GoogleTest"/>
</testsuite> <!-- acn.test.GoogleTest -->
